0 info it worked if it ends with ok
1 verbose cli [ 'C:\\Program Files\\nodejs\\node.exe',
1 verbose cli   'C:\\Program Files\\nodejs\\node_modules\\npm\\bin\\npm-cli.js',
1 verbose cli   'install',
1 verbose cli   'particles.js' ]
2 info using npm@2.14.7
3 info using node@v4.2.3
4 verbose install initial load of C:\Users\Mykayla\Google Drive\hack\kwame-site\package.json
5 warn package.json kwame-site@1.0.0 No README data
6 verbose readDependencies loading dependencies from C:\Users\Mykayla\Google Drive\hack\kwame-site\package.json
7 silly cache add args [ 'particles.js', null ]
8 verbose cache add spec particles.js
9 silly cache add parsed spec Result {
9 silly cache add   raw: 'particles.js',
9 silly cache add   scope: null,
9 silly cache add   name: null,
9 silly cache add   rawSpec: 'particles.js',
9 silly cache add   spec: 'C:\\Users\\Mykayla\\Google Drive\\hack\\kwame-site\\particles.js',
9 silly cache add   type: 'local' }
10 silly addLocalTarball shasum (computed) 32bca4d6295b826246c6e4837c3ce661c45e2008
11 verbose addTmpTarball C:\Users\Mykayla\Google Drive\hack\kwame-site\particles.js not in flight; adding
12 verbose addTmpTarball validating metadata from C:\Users\Mykayla\Google Drive\hack\kwame-site\particles.js
13 verbose tar unpack C:\Users\Mykayla\Google Drive\hack\kwame-site\particles.js
14 verbose tar unpacking to C:\Users\Mykayla\AppData\Local\Temp\npm-13248-add46962\unpack-cab8a92a3004
15 silly gentlyRm C:\Users\Mykayla\AppData\Local\Temp\npm-13248-add46962\unpack-cab8a92a3004 is being purged
16 verbose gentlyRm don't care about contents; nuking C:\Users\Mykayla\AppData\Local\Temp\npm-13248-add46962\unpack-cab8a92a3004
17 silly gunzTarPerm modes [ '777', '666' ]
18 error not a package C:\Users\Mykayla\Google Drive\hack\kwame-site\particles.js
19 error addLocal Could not install C:\Users\Mykayla\Google Drive\hack\kwame-site\particles.js
20 verbose stack Error: ENOENT: no such file or directory, open 'C:\Users\Mykayla\AppData\Local\Temp\npm-13248-add46962\unpack-cab8a92a3004\package.json'
20 verbose stack     at Error (native)
21 verbose cwd C:\Users\Mykayla\Google Drive\hack\kwame-site
22 error Windows_NT 6.1.7601
23 error argv "C:\\Program Files\\nodejs\\node.exe" "C:\\Program Files\\nodejs\\node_modules\\npm\\bin\\npm-cli.js" "install" "particles.js"
24 error node v4.2.3
25 error npm  v2.14.7
26 error path C:\Users\Mykayla\AppData\Local\Temp\npm-13248-add46962\unpack-cab8a92a3004\package.json
27 error code ENOENT
28 error errno -4058
29 error syscall open
30 error enoent ENOENT: no such file or directory, open 'C:\Users\Mykayla\AppData\Local\Temp\npm-13248-add46962\unpack-cab8a92a3004\package.json'
30 error enoent This is most likely not a problem with npm itself
30 error enoent and is related to npm not being able to find a file.
31 verbose exit [ -4058, true ]
